Using pre-set license
Built from '2020.2/release' branch; Version is '2020.2.0f1 (3721df5a8b28) revision 3613151'; Using compiler version '192528614'; Build Type 'Release'
OS: 'Windows 10  (10.0.0) 64bit' Language: 'de' Physical Memory: 32689 MB
BatchMode: 1, IsHumanControllingUs: 0, StartBugReporterOnCrash: 0, Is64bit: 1, IsPro: 0

 COMMAND LINE ARGUMENTS:
C:\Program Files\Unity\Hub\Editor\2020.2.0f1\Editor\Unity.exe
-adb2
-batchMode
-noUpm
-name
AssetImportWorker0
-projectPath
C:/Users/mattb/terrain
-logFile
Logs/AssetImportWorker0.log
-srvPort
61903
Successfully changed project path to: C:/Users/mattb/terrain
C:/Users/mattb/terrain
Using Asset Import Pipeline V2.
Unable to join player connection multicast group.

Refreshing native plugins compatible for Editor in 36.87 ms, found 1 plugins.
Preloading 0 native plugins for Editor in 0.00 ms.
Initialize engine version: 2020.2.0f1 (3721df5a8b28)
[Subsystems] Discovering subsystems at path C:/Program Files/Unity/Hub/Editor/2020.2.0f1/Editor/Data/Resources/UnitySubsystems
[Subsystems] Discovering subsystems at path C:/Users/mattb/terrain/Assets
GfxDevice: creating device client; threaded=0
Direct3D:
    Version:  Direct3D 11.0 [level 11.1]
    Renderer: NVIDIA GeForce RTX 3060 Ti (ID=0x2486)
    Vendor:   
    VRAM:     8050 MB
    Driver:   30.0.15.1031
Shader 'Universal Render Pipeline/Particles/Lit': fallback shader 'Universal Render Pipeline/Particles/SimpleLit' not found
Initialize mono
Mono path[0] = 'C:/Program Files/Unity/Hub/Editor/2020.2.0f1/Editor/Data/Managed'
Mono path[1] = 'C:/Program Files/Unity/Hub/Editor/2020.2.0f1/Editor/Data/MonoBleedingEdge/lib/mono/unityjit'
Mono config path = 'C:/Program Files/Unity/Hub/Editor/2020.2.0f1/Editor/Data/MonoBleedingEdge/etc'
Using monoOptions --debugger-agent=transport=dt_socket,embedding=1,server=y,suspend=n,address=127.0.0.1:56184
Begin MonoManager ReloadAssembly
Registering precompiled unity dll's ...
Register platform support module: C:/Program Files/Unity/Hub/Editor/2020.2.0f1/Editor/Data/PlaybackEngines/WebGLSupport/UnityEditor.WebGL.Extensions.dll
Register platform support module: C:/Program Files/Unity/Hub/Editor/2020.2.0f1/Editor/Data/PlaybackEngines/WindowsStandaloneSupport/UnityEditor.WindowsStandalone.Extensions.dll
Registered in 0.001641 seconds.
Native extension for WindowsStandalone target not found
Native extension for WebGL target not found
Refreshing native plugins compatible for Editor in 32.65 ms, found 1 plugins.
Preloading 0 native plugins for Editor in 0.00 ms.
Invoked RoslynAnalysisRunner static constructor.
RoslynAnalysisRunner will not be running.
RoslynAnalysisRunner has terminated.
Mono: successfully reloaded assembly
- Completed reload, in  0.925 seconds
Platform modules already initialized, skipping
Registering precompiled user dll's ...
Registered in 0.003004 seconds.
Begin MonoManager ReloadAssembly
Native extension for WindowsStandalone target not found
Native extension for WebGL target not found
Refreshing native plugins compatible for Editor in 35.73 ms, found 1 plugins.
Preloading 0 native plugins for Editor in 0.00 ms.
Invoked RoslynAnalysisRunner static constructor.
RoslynAnalysisRunner will not be running.
RoslynAnalysisRunner has terminated.
Find all reader and writers took 120 milliseconds
Script Module: UnityEngine.UI.dll
Pass: 0 took 6 milliseconds
Pass: 1 took 14 milliseconds
Find all reader and writers took 108 milliseconds
Script Module: Unity.RenderPipelines.Core.Runtime.dll
Pass: 0 took 9 milliseconds
Pass: 1 took 4 milliseconds
Find all reader and writers took 110 milliseconds
Script Module: UnityEngine.TestRunner.dll
Pass: 0 took 7 milliseconds
Pass: 1 took 2 milliseconds
Find all reader and writers took 111 milliseconds
Script Module: Unity.Mathematics.dll
Pass: 0 took 5 milliseconds
Pass: 1 took 0 milliseconds
Find all reader and writers took 108 milliseconds
Script Module: Assembly-CSharp.dll
Pass: 0 took 7 milliseconds
Pass: 1 took 4 milliseconds
Find all reader and writers took 110 milliseconds
Script Module: Unity.Timeline.dll
Pass: 0 took 8 milliseconds
Pass: 1 took 1 milliseconds
Find all reader and writers took 108 milliseconds
Script Module: Mirror.Examples.dll
Pass: 0 took 6 milliseconds
[CreatePlayerMessage] MessageClassProcessor Start
[CreatePlayerMessage]   GenerateSerialization
[CreatePlayerMessage]   GenerateDeserialization
[CreatePlayerMessage] MessageClassProcessor Done
Pass: 1 took 13 milliseconds
  ProcessSitesModule Mirror.Examples.dll elapsed time:00:00:00.0210186
Find all reader and writers took 110 milliseconds
Script Module: Unity.RenderPipelines.Universal.Runtime.dll
Pass: 0 took 19 milliseconds
Pass: 1 took 3 milliseconds
Find all reader and writers took 107 milliseconds
Script Module: Mirror.Components.dll
Pass: 0 took 6 milliseconds
[ServerRequest] MessageClassProcessor Start
[ServerRequest]   GenerateSerialization
[ServerRequest]   GenerateDeserialization
[ServerRequest] MessageClassProcessor Done
[ServerResponse] MessageClassProcessor Start
[ServerResponse]   GenerateSerialization
[ServerResponse]   GenerateDeserialization
[ServerResponse] MessageClassProcessor Done
Pass: 1 took 1 milliseconds
  ProcessSitesModule Mirror.Components.dll elapsed time:00:00:00.0100089
Find all reader and writers took 105 milliseconds
Script Module: Unity.TextMeshPro.dll
Pass: 0 took 20 milliseconds
Pass: 1 took 7 milliseconds
Find all reader and writers took 107 milliseconds
Script Module: Unity.Postprocessing.Runtime.dll
Pass: 0 took 8 milliseconds
Pass: 1 took 2 milliseconds
Find all reader and writers took 104 milliseconds
Script Module: Ninja.WebSockets.dll
Pass: 0 took 0 milliseconds
Pass: 1 took 0 milliseconds
Find all reader and writers took 104 milliseconds
Script Module: Mirror.Authenticators.dll
Pass: 0 took 5 milliseconds
[AuthRequestMessage] MessageClassProcessor Start
[AuthRequestMessage]   GenerateSerialization
[AuthRequestMessage]   GenerateDeserialization
[AuthRequestMessage] MessageClassProcessor Done
[AuthResponseMessage] MessageClassProcessor Start
[AuthResponseMessage]   GenerateSerialization
[AuthResponseMessage]   GenerateDeserialization
[AuthResponseMessage] MessageClassProcessor Done
Pass: 1 took 0 milliseconds
  ProcessSitesModule Mirror.Authenticators.dll elapsed time:00:00:00.0010009
Find all reader and writers took 105 milliseconds
Script Module: Unity.RenderPipelines.Core.ShaderLibrary.dll
Pass: 0 took 0 milliseconds
Pass: 1 took 0 milliseconds
Find all reader and writers took 103 milliseconds
Script Module: Unity.RenderPipelines.Universal.Shaders.dll
Pass: 0 took 0 milliseconds
Pass: 1 took 0 milliseconds
Find all reader and writers took 107 milliseconds
Script Module: Unity.RenderPipelines.ShaderGraph.ShaderGraphLibrary.dll
Pass: 0 took 0 milliseconds
Pass: 1 took 0 milliseconds
Find all reader and writers took 107 milliseconds
Script Module: Unity.RenderPipeline.Universal.ShaderLibrary.dll
Pass: 0 took 0 milliseconds
Pass: 1 took 0 milliseconds
Find all reader and writers took 107 milliseconds
Script Module: UnityEditor.TestRunner.dll
Pass: 0 took 30 milliseconds
Pass: 1 took 2 milliseconds
Find all reader and writers took 111 milliseconds
Script Module: UnityEditor.UI.dll
Pass: 0 took 24 milliseconds
Pass: 1 took 0 milliseconds
Find all reader and writers took 107 milliseconds
Script Module: Unity.ShaderGraph.Utilities.dll
Pass: 0 took 0 milliseconds
Pass: 1 took 0 milliseconds
Find all reader and writers took 107 milliseconds
Script Module: Mirror.CompilerSymbols.dll
Pass: 0 took 0 milliseconds
Pass: 1 took 0 milliseconds
Mono: successfully reloaded assembly
- Completed reload, in  6.902 seconds
Platform modules already initialized, skipping
========================================================================
Worker process is ready to serve import requests
Shader 'Universal Render Pipeline/Particles/Lit': fallback shader 'Universal Render Pipeline/Particles/SimpleLit' not found
Launched and connected shader compiler UnityShaderCompiler.exe after 0.02 seconds
Refreshing native plugins compatible for Editor in 0.74 ms, found 1 plugins.
Preloading 0 native plugins for Editor in 0.00 ms.
Unloading 2722 Unused Serialized files (Serialized files now loaded: 0)
System memory in use before: 201.5 MB.
System memory in use after: 201.7 MB.

Unloading 29 unused Assets to reduce memory usage. Loaded Objects now: 3158.
Total: 4.481400 ms (FindLiveObjects: 0.370600 ms CreateObjectMapping: 0.074400 ms MarkObjects: 3.994200 ms  DeleteObjects: 0.040900 ms)

========================================================================
Received Import Request.
  path: Assets/scripts
  artifactKey: Guid(75a13fc3e7843d94a9dccfbd70228b58) Importer(815301076,1909f56bfc062723c751e8b465ee728b)
Start importing Assets/scripts using Guid(75a13fc3e7843d94a9dccfbd70228b58) Importer(815301076,1909f56bfc062723c751e8b465ee728b)  -> (artifact id: '0c5a36b99e7991e7a25810e5a0062631') in 0.009554 seconds
  Import took 0.013151 seconds .

========================================================================
Received Import Request.
  Time since last request: 0.000169 seconds.
  path: Assets/scripts/CubeWorld
  artifactKey: Guid(597425d1199c89847a371f5a6b4ffa9a) Importer(815301076,1909f56bfc062723c751e8b465ee728b)
Start importing Assets/scripts/CubeWorld using Guid(597425d1199c89847a371f5a6b4ffa9a) Importer(815301076,1909f56bfc062723c751e8b465ee728b)  -> (artifact id: 'efaf906e2d91176ab876c71eafea6783') in 0.005617 seconds
  Import took 0.008781 seconds .

========================================================================
Received Import Request.
  Time since last request: 0.422339 seconds.
  path: Assets/Scenes
  artifactKey: Guid(0a9db79adfbd4d54c94396b15e18c73b) Importer(815301076,1909f56bfc062723c751e8b465ee728b)
Start importing Assets/Scenes using Guid(0a9db79adfbd4d54c94396b15e18c73b) Importer(815301076,1909f56bfc062723c751e8b465ee728b)  -> (artifact id: '51ccb99417657e16c688662ce9131648') in 0.005219 seconds
  Import took 0.009014 seconds .

========================================================================
Received Import Request.
  Time since last request: 3.102088 seconds.
  path: Assets/Scenes/SampleScene.unity
  artifactKey: Guid(9fc0d4010bbf28b4594072e72b8655ab) Importer(815301076,1909f56bfc062723c751e8b465ee728b)
Start importing Assets/Scenes/SampleScene.unity using Guid(9fc0d4010bbf28b4594072e72b8655ab) Importer(815301076,1909f56bfc062723c751e8b465ee728b)  -> (artifact id: '6b217c50024c775461cbd3e391f2547d') in 0.011337 seconds
  Import took 0.015075 seconds .

========================================================================
Received Import Request.
  Time since last request: 7.888585 seconds.
  path: Assets/Scenes/Marching Cubes.unity
  artifactKey: Guid(4c3de4b75cf6db74bbe7c583858eab57) Importer(815301076,1909f56bfc062723c751e8b465ee728b)
Start importing Assets/Scenes/Marching Cubes.unity using Guid(4c3de4b75cf6db74bbe7c583858eab57) Importer(815301076,1909f56bfc062723c751e8b465ee728b)  -> (artifact id: '864b40f808acabd02593d874e4fd5a7e') in 0.005618 seconds
  Import took 0.009375 seconds .

========================================================================
Received Prepare
Registering precompiled user dll's ...
Registered in 0.002922 seconds.
Begin MonoManager ReloadAssembly
Native extension for WindowsStandalone target not found
Native extension for WebGL target not found
Refreshing native plugins compatible for Editor in 0.62 ms, found 1 plugins.
Preloading 0 native plugins for Editor in 0.00 ms.
Invoked RoslynAnalysisRunner static constructor.
RoslynAnalysisRunner will not be running.
RoslynAnalysisRunner has terminated.
Mono: successfully reloaded assembly
- Completed reload, in  0.649 seconds
Platform modules already initialized, skipping
Shader 'Universal Render Pipeline/Particles/Lit': fallback shader 'Universal Render Pipeline/Particles/SimpleLit' not found
Refreshing native plugins compatible for Editor in 0.63 ms, found 1 plugins.
Preloading 0 native plugins for Editor in 0.00 ms.
Unloading 2582 Unused Serialized files (Serialized files now loaded: 0)
System memory in use before: 193.2 MB.
System memory in use after: 193.4 MB.

Unloading 25 unused Assets to reduce memory usage. Loaded Objects now: 3160.
Total: 1.921300 ms (FindLiveObjects: 0.320800 ms CreateObjectMapping: 0.067100 ms MarkObjects: 1.514000 ms  DeleteObjects: 0.018900 ms)

========================================================================
Received Import Request.
  Time since last request: 13.572197 seconds.
  path: Assets/Scenes/CubeWorld.unity
  artifactKey: Guid(954a5cb171e72844e933f5bdc52233b6) Importer(815301076,1909f56bfc062723c751e8b465ee728b)
Start importing Assets/Scenes/CubeWorld.unity using Guid(954a5cb171e72844e933f5bdc52233b6) Importer(815301076,1909f56bfc062723c751e8b465ee728b)  -> (artifact id: '86ff64ac8b9167261d63ab67990f988c') in 0.017864 seconds
  Import took 0.021382 seconds .

========================================================================
Received Prepare
Registering precompiled user dll's ...
Registered in 0.003377 seconds.
Begin MonoManager ReloadAssembly
Native extension for WindowsStandalone target not found
Native extension for WebGL target not found
Refreshing native plugins compatible for Editor in 0.63 ms, found 1 plugins.
Preloading 0 native plugins for Editor in 0.00 ms.
Invoked RoslynAnalysisRunner static constructor.
RoslynAnalysisRunner will not be running.
RoslynAnalysisRunner has terminated.
Mono: successfully reloaded assembly
- Completed reload, in  0.705 seconds
Platform modules already initialized, skipping
Shader 'Universal Render Pipeline/Particles/Lit': fallback shader 'Universal Render Pipeline/Particles/SimpleLit' not found
Refreshing native plugins compatible for Editor in 0.61 ms, found 1 plugins.
Preloading 0 native plugins for Editor in 0.00 ms.
Unloading 2582 Unused Serialized files (Serialized files now loaded: 0)
System memory in use before: 194.3 MB.
System memory in use after: 194.5 MB.

Unloading 25 unused Assets to reduce memory usage. Loaded Objects now: 3162.
Total: 2.192400 ms (FindLiveObjects: 0.427100 ms CreateObjectMapping: 0.127100 ms MarkObjects: 1.618300 ms  DeleteObjects: 0.018800 ms)

AssetImportWorkerClient::OnTransportError - code=2 error=End of file
